<?xml version="1.0" encoding="utf-8"?><testsuites name="pytest tests"><testsuite name="pytest" errors="0" failures="0" skipped="0" tests="27" time="5.340" timestamp="2026-07-13T10:20:04.496285+00:00" hostname="agent-env-04b1142d-2266-4b82-ae2c-c9cf29636972"><testcase classname="backend.tests.backend_test" name="test_branding" time="0.118" /><testcase classname="backend.tests.backend_test" name="test_login_superuser" time="0.269" /><testcase classname="backend.tests.backend_test" name="test_me" time="0.311" /><testcase classname="backend.tests.backend_test" name="test_register_new_user" time="0.266" /><testcase classname="backend.tests.backend_test" name="test_login_invalid" time="0.276" /><testcase classname="backend.tests.backend_test" name="test_shifts_full_crud" time="0.301" /><testcase classname="backend.tests.backend_test" name="test_shifts_invalid_type" time="0.043" /><testcase classname="backend.tests.backend_test" name="test_export_xlsx" time="0.149" /><testcase classname="backend.tests.backend_test" name="test_export_email" time="0.044" /><testcase classname="backend.tests.backend_test" name="test_export_invalid_month" time="0.043" /><testcase classname="backend.tests.backend_test" name="test_unauthorized_shifts" time="0.041" /><testcase classname="backend.tests.test_security_audit.TestSEC001" name="test_no_hardcoded_email_or_password_in_source" time="0.000" /><testcase classname="backend.tests.test_security_audit.TestSEC001" name="test_startup_log_says_already_present_not_refreshed" time="0.000" /><testcase classname="backend.tests.test_security_audit.TestSEC001" name="test_superuser_login_returns_plus_and_superuser" time="0.376" /><testcase classname="backend.tests.test_security_audit.TestSEC002" name="test_no_dev_secret_default_in_source" time="0.000" /><testcase classname="backend.tests.test_security_audit.TestSEC002" name="test_login_returns_valid_jwt_and_me_accepts_it" time="0.344" /><testcase classname="backend.tests.test_security_audit.TestSEC002" name="test_me_rejects_garbage_token" time="0.039" /><testcase classname="backend.tests.test_security_audit.TestSEC003" name="test_missing_signature_rejected" time="0.093" /><testcase classname="backend.tests.test_security_audit.TestSEC003" name="test_garbage_signature_rejected" time="0.098" /><testcase classname="backend.tests.test_security_audit.TestSEC003" name="test_valid_signature_activates_and_replay_is_idempotent" time="0.199" /><testcase classname="backend.tests.test_security_audit.TestSEC004" name="test_arbitrary_recipient_rejected" time="0.042" /><testcase classname="backend.tests.test_security_audit.TestSEC004" name="test_self_send_returns_200_no_api_key" time="0.043" /><testcase classname="backend.tests.test_security_audit.TestSEC004" name="test_no_email_to_defaults_to_caller" time="0.043" /><testcase classname="backend.tests.test_security_audit.TestSEC004" name="test_quota_code_path_present" time="0.000" /><testcase classname="backend.tests.test_security_audit.TestRegression" name="test_checkout_returns_real_ziina_redirect_url" time="1.361" /><testcase classname="backend.tests.test_security_audit.TestRegression" name="test_free_user_xlsx_blocked_with_plus_required" time="0.303" /><testcase classname="backend.tests.test_security_audit.TestRegression" name="test_free_user_multi_month_blocked" time="0.344" /></testsuite></testsuites>