<?xml version="1.0" encoding="utf-8"?><testsuites name="pytest tests"><testsuite name="pytest" errors="0" failures="1" skipped="0" tests="16" time="4.706" timestamp="2026-07-13T11:09:03.644570+00:00" hostname="agent-env-04b1142d-2266-4b82-ae2c-c9cf29636972"><testcase classname="backend.tests.test_mail_composer" name="test_mc1_export_email_shape" time="0.416" /><testcase classname="backend.tests.test_mail_composer" name="test_mc3_body_ends_with_signature" time="0.043" /><testcase classname="backend.tests.test_mail_composer" name="test_mc4_html_contains_created_by_and_link" time="0.041" /><testcase classname="backend.tests.test_mail_composer" name="test_mc2_legacy_fields_ignored_or_422" time="0.044" /><testcase classname="backend.tests.test_mail_composer" name="test_mc5_ccad_user_export_email" time="0.305" /><testcase classname="backend.tests.test_mail_composer" name="test_mc6_no_sendgrid_or_delivered_in_source" time="0.002"><failure message="AssertionError: Forbidden tokens present in server.py: {'sendgrid': [(503, '                    &quot;Send real emails via SendGrid&quot;,')], 'SendGrid': [(503, '                    &quot;Send real emails via SendGrid&quot;,')], 'SENDGRID': [(503, '                    &quot;Send real emails via SendGrid&quot;,')]}&#10;assert not {'sendgrid': [(503, '                    &quot;Send real emails via SendGrid&quot;,')], 'SendGrid': [(503, '                    &quot;Send real emails via SendGrid&quot;,')], 'SENDGRID': [(503, '                    &quot;Send real emails via SendGrid&quot;,')]}">backend/tests/test_mail_composer.py:168: in test_mc6_no_sendgrid_or_delivered_in_source
    assert not hits, f"Forbidden tokens present in server.py: {hits}"
E   AssertionError: Forbidden tokens present in server.py: {'sendgrid': [(503, '                    "Send real emails via SendGrid",')], 'SendGrid': [(503, '                    "Send real emails via SendGrid",')], 'SENDGRID': [(503, '                    "Send real emails via SendGrid",')]}
E   assert not {'sendgrid': [(503, '                    "Send real emails via SendGrid",')], 'SendGrid': [(503, '                    "Send real emails via SendGrid",')], 'SENDGRID': [(503, '                    "Send real emails via SendGrid",')]}</failure></testcase><testcase classname="backend.tests.test_mail_composer" name="test_mc6_no_sendgrid_in_env" time="0.000" /><testcase classname="backend.tests.test_mail_composer" name="test_mc7_no_sendgrid_import" time="0.001" /><testcase classname="backend.tests.test_mail_composer" name="test_su1_superuser_plan_source_paid" time="0.042" /><testcase classname="backend.tests.test_mail_composer" name="test_reg2_billing_checkout_returns_redirect" time="1.263" /><testcase classname="backend.tests.test_mail_composer" name="test_reg3_webhook_bad_signature_401" time="0.042" /><testcase classname="backend.tests.test_mail_composer" name="test_reg3_webhook_valid_hmac_and_plus_activation" time="1.137" /><testcase classname="backend.tests.test_mail_composer" name="test_reg4_free_user_xlsx_402" time="0.344" /><testcase classname="backend.tests.test_mail_composer" name="test_reg5_ccad_auto_upgrade" time="0.081" /><testcase classname="backend.tests.test_mail_composer" name="test_reg5_ccad_second_domain" time="0.263" /><testcase classname="backend.tests.test_mail_composer" name="test_reg6_login_rate_limit" time="0.580" /></testsuite></testsuites>