<?xml version="1.0" encoding="utf-8"?><testsuites name="pytest tests"><testsuite name="pytest" errors="0" failures="0" skipped="0" tests="11" time="2.058" timestamp="2026-07-13T10:41:50.306310+00:00" hostname="agent-env-04b1142d-2266-4b82-ae2c-c9cf29636972"><testcase classname="backend.tests.backend_test" name="test_branding" time="0.114" /><testcase classname="backend.tests.backend_test" name="test_login_superuser" time="0.270" /><testcase classname="backend.tests.backend_test" name="test_me" time="0.306" /><testcase classname="backend.tests.backend_test" name="test_register_new_user" time="0.304" /><testcase classname="backend.tests.backend_test" name="test_login_invalid" time="0.265" /><testcase classname="backend.tests.backend_test" name="test_shifts_full_crud" time="0.332" /><testcase classname="backend.tests.backend_test" name="test_shifts_invalid_type" time="0.042" /><testcase classname="backend.tests.backend_test" name="test_export_xlsx" time="0.144" /><testcase classname="backend.tests.backend_test" name="test_export_email" time="0.044" /><testcase classname="backend.tests.backend_test" name="test_export_invalid_month" time="0.040" /><testcase classname="backend.tests.backend_test" name="test_unauthorized_shifts" time="0.041" /></testsuite></testsuites>