<?xml version="1.0" encoding="utf-8"?><testsuites name="pytest tests"><testsuite name="pytest" errors="0" failures="0" skipped="0" tests="17" time="11.377" timestamp="2026-07-13T10:41:27.545377+00:00" hostname="agent-env-04b1142d-2266-4b82-ae2c-c9cf29636972"><testcase classname="backend.tests.test_ccad_and_p3.TestP3RateLimits" name="test_p3_2_register_rate_limit" time="1.725" /><testcase classname="backend.tests.test_ccad_and_p3.TestP3RateLimits" name="test_p3_1_login_rate_limit" time="3.301" /><testcase classname="backend.tests.test_ccad_and_p3.TestP3Cors" name="test_evil_origin_not_echoed_by_app" time="0.002" /><testcase classname="backend.tests.test_ccad_and_p3.TestP3Cors" name="test_allowed_origin_echoed_by_app" time="0.001" /><testcase classname="backend.tests.test_ccad_and_p3.TestP3Neutral" name="test_p3_4_neutral_register_duplicate_email" time="0.116" /><testcase classname="backend.tests.test_ccad_and_p3.TestP3Neutral" name="test_p3_5_no_ziina_rejected_in_source" time="0.000" /><testcase classname="backend.tests.test_ccad_and_p3.TestCcadAutoPlus" name="test_ccad_1_register_ccad_ae" time="0.318" /><testcase classname="backend.tests.test_ccad_and_p3.TestCcadAutoPlus" name="test_ccad_2_register_clevelandclinicabudhabi_ae" time="0.314" /><testcase classname="backend.tests.test_ccad_and_p3.TestCcadAutoPlus" name="test_ccad_3_non_ccad_stays_free" time="0.312" /><testcase classname="backend.tests.test_ccad_and_p3.TestCcadAutoPlus" name="test_ccad_4_ccad_user_can_export_xlsx" time="0.427" /><testcase classname="backend.tests.test_ccad_and_p3.TestCcadAutoPlus" name="test_ccad_5_ccad_user_can_add_future_month_shift" time="0.405" /><testcase classname="backend.tests.test_ccad_and_p3.TestCcadAutoPlus" name="test_ccad_6_non_ccad_free_still_402" time="0.423" /><testcase classname="backend.tests.test_ccad_and_p3.TestCcadAutoPlus" name="test_ccad_7_me_returns_plus_ccad" time="0.409" /><testcase classname="backend.tests.test_ccad_and_p3.TestCcadAutoPlus" name="test_ccad_8_login_idempotently_upgrades_existing_free_ccad" time="0.544" /><testcase classname="backend.tests.test_ccad_and_p3.TestRegressionBilling" name="test_reg2_non_ccad_free_gets_real_ziina_redirect" time="1.291" /><testcase classname="backend.tests.test_ccad_and_p3.TestRegressionBilling" name="test_reg3_webhook_bad_signature_401" time="0.093" /><testcase classname="backend.tests.test_ccad_and_p3.TestRegressionBilling" name="test_reg3_webhook_valid_signature_activates_plus_for_paid_user" time="1.552" /></testsuite></testsuites>